CRITICAL - 2023-12-11 09:35:54 --> Class "App\Controllers\BarangModel" not found
in APPPATH\Controllers\Home.php on line 12.
 1 SYSTEMPATH\CodeIgniter.php(914): App\Controllers\Home->__construct()
 2 SYSTEMPATH\CodeIgniter.php(493): CodeIgniter\CodeIgniter->createController()
 3 SYSTEMPATH\CodeIgniter.php(361): CodeIgniter\CodeIgniter->handleRequest(null, Object(Config\Cache), false)
 4 FCPATH\index.php(79): CodeIgniter\CodeIgniter->run()
 5 SYSTEMPATH\Commands\Server\rewrite.php(47): require_once('D:\\Robeth\\Download\\fitnesia\\public\\index.php')
WARNING - 2023-12-11 09:36:38 --> [DEPRECATED] Creation of dynamic property App\Controllers\Home::$barangModel is deprecated in APPPATH\Controllers\Home.php on line 12.
 1 SYSTEMPATH\CodeIgniter.php(914): App\Controllers\Home->__construct()
 2 SYSTEMPATH\CodeIgniter.php(493): CodeIgniter\CodeIgniter->createController()
 3 SYSTEMPATH\CodeIgniter.php(361): CodeIgniter\CodeIgniter->handleRequest(null, Object(Config\Cache), false)
 4 FCPATH\index.php(79): CodeIgniter\CodeIgniter->run()
 5 SYSTEMPATH\Commands\Server\rewrite.php(47): require_once('D:\\Robeth\\Download\\fitnesia\\public\\index.php')
CRITICAL - 2023-12-11 09:36:38 --> CURL Error: Could not resolve host: app.sandbox.midtrans.com
in VENDORPATH\midtrans\midtrans-php\Midtrans\ApiRequestor.php on line 156.
 1 VENDORPATH\midtrans\midtrans-php\Midtrans\ApiRequestor.php(39): Midtrans\ApiRequestor::remoteCall('https://app.sandbox.midtrans.com/snap/v1/transactions', 'SB-Mid-server-qPKp_kyPU7pOP2-5pkRM2-BB', [...], 'POST')
 2 VENDORPATH\midtrans\midtrans-php\Midtrans\Snap.php(108): Midtrans\ApiRequestor::post('https://app.sandbox.midtrans.com/snap/v1/transactions', 'SB-Mid-server-qPKp_kyPU7pOP2-5pkRM2-BB', [...])
 3 VENDORPATH\midtrans\midtrans-php\Midtrans\Snap.php(36): Midtrans\Snap::createTransaction([...])
 4 APPPATH\Controllers\Home.php(46): Midtrans\Snap::getSnapToken([...])
 5 SYSTEMPATH\CodeIgniter.php(942): App\Controllers\Home->index()
 6 SYSTEMPATH\CodeIgniter.php(502): CodeIgniter\CodeIgniter->runController(Object(App\Controllers\Home))
 7 SYSTEMPATH\CodeIgniter.php(361): CodeIgniter\CodeIgniter->handleRequest(null, Object(Config\Cache), false)
 8 FCPATH\index.php(79): CodeIgniter\CodeIgniter->run()
 9 SYSTEMPATH\Commands\Server\rewrite.php(47): require_once('D:\\Robeth\\Download\\fitnesia\\public\\index.php')
WARNING - 2023-12-11 09:38:28 --> [DEPRECATED] Creation of dynamic property App\Controllers\Home::$barangModel is deprecated in APPPATH\Controllers\Home.php on line 12.
 1 SYSTEMPATH\CodeIgniter.php(914): App\Controllers\Home->__construct()
 2 SYSTEMPATH\CodeIgniter.php(493): CodeIgniter\CodeIgniter->createController()
 3 SYSTEMPATH\CodeIgniter.php(361): CodeIgniter\CodeIgniter->handleRequest(null, Object(Config\Cache), false)
 4 FCPATH\index.php(79): CodeIgniter\CodeIgniter->run()
 5 SYSTEMPATH\Commands\Server\rewrite.php(47): require_once('D:\\Robeth\\Download\\fitnesia\\public\\index.php')
WARNING - 2023-12-11 09:41:00 --> [DEPRECATED] Creation of dynamic property App\Controllers\Home::$barangModel is deprecated in APPPATH\Controllers\Home.php on line 12.
 1 SYSTEMPATH\CodeIgniter.php(914): App\Controllers\Home->__construct()
 2 SYSTEMPATH\CodeIgniter.php(493): CodeIgniter\CodeIgniter->createController()
 3 SYSTEMPATH\CodeIgniter.php(361): CodeIgniter\CodeIgniter->handleRequest(null, Object(Config\Cache), false)
 4 FCPATH\index.php(79): CodeIgniter\CodeIgniter->run()
 5 SYSTEMPATH\Commands\Server\rewrite.php(47): require_once('D:\\Robeth\\Download\\fitnesia\\public\\index.php')
WARNING - 2023-12-11 09:43:16 --> [DEPRECATED] Creation of dynamic property App\Controllers\Home::$barangModel is deprecated in APPPATH\Controllers\Home.php on line 12.
 1 SYSTEMPATH\CodeIgniter.php(914): App\Controllers\Home->__construct()
 2 SYSTEMPATH\CodeIgniter.php(493): CodeIgniter\CodeIgniter->createController()
 3 SYSTEMPATH\CodeIgniter.php(361): CodeIgniter\CodeIgniter->handleRequest(null, Object(Config\Cache), false)
 4 FCPATH\index.php(79): CodeIgniter\CodeIgniter->run()
 5 SYSTEMPATH\Commands\Server\rewrite.php(47): require_once('D:\\Robeth\\Download\\fitnesia\\public\\index.php')
CRITICAL - 2023-12-11 09:43:17 --> Midtrans API is returning API error. HTTP status code: 401 API response: {"error_messages":["Access denied due to unauthorized transaction, please check client or server key","Visit https://snap-docs.midtrans.com/#request-headers for more details"]}
in VENDORPATH\midtrans\midtrans-php\Midtrans\ApiRequestor.php on line 167.
 1 VENDORPATH\midtrans\midtrans-php\Midtrans\ApiRequestor.php(39): Midtrans\ApiRequestor::remoteCall('https://app.midtrans.com/snap/v1/transactions', 'SB-Mid-server-qPKp_kyPU7pOP2-5pkRM2-BB', [...], 'POST')
 2 VENDORPATH\midtrans\midtrans-php\Midtrans\Snap.php(108): Midtrans\ApiRequestor::post('https://app.midtrans.com/snap/v1/transactions', 'SB-Mid-server-qPKp_kyPU7pOP2-5pkRM2-BB', [...])
 3 VENDORPATH\midtrans\midtrans-php\Midtrans\Snap.php(36): Midtrans\Snap::createTransaction([...])
 4 APPPATH\Controllers\Home.php(46): Midtrans\Snap::getSnapToken([...])
 5 SYSTEMPATH\CodeIgniter.php(942): App\Controllers\Home->index()
 6 SYSTEMPATH\CodeIgniter.php(502): CodeIgniter\CodeIgniter->runController(Object(App\Controllers\Home))
 7 SYSTEMPATH\CodeIgniter.php(361): CodeIgniter\CodeIgniter->handleRequest(null, Object(Config\Cache), false)
 8 FCPATH\index.php(79): CodeIgniter\CodeIgniter->run()
 9 SYSTEMPATH\Commands\Server\rewrite.php(47): require_once('D:\\Robeth\\Download\\fitnesia\\public\\index.php')
WARNING - 2023-12-11 09:44:11 --> [DEPRECATED] Creation of dynamic property App\Controllers\Home::$barangModel is deprecated in APPPATH\Controllers\Home.php on line 12.
 1 SYSTEMPATH\CodeIgniter.php(914): App\Controllers\Home->__construct()
 2 SYSTEMPATH\CodeIgniter.php(493): CodeIgniter\CodeIgniter->createController()
 3 SYSTEMPATH\CodeIgniter.php(361): CodeIgniter\CodeIgniter->handleRequest(null, Object(Config\Cache), false)
 4 FCPATH\index.php(79): CodeIgniter\CodeIgniter->run()
 5 SYSTEMPATH\Commands\Server\rewrite.php(47): require_once('D:\\Robeth\\Download\\fitnesia\\public\\index.php')
CRITICAL - 2023-12-11 09:44:12 --> Midtrans API is returning API error. HTTP status code: 401 API response: {"error_messages":["Access denied due to unauthorized transaction, please check client or server key","Visit https://snap-docs.midtrans.com/#request-headers for more details"]}
in VENDORPATH\midtrans\midtrans-php\Midtrans\ApiRequestor.php on line 167.
 1 VENDORPATH\midtrans\midtrans-php\Midtrans\ApiRequestor.php(39): Midtrans\ApiRequestor::remoteCall('https://app.midtrans.com/snap/v1/transactions', 'Mid-server-qPKp_kyPU7pOP2-5pkRM2-BB', [...], 'POST')
 2 VENDORPATH\midtrans\midtrans-php\Midtrans\Snap.php(108): Midtrans\ApiRequestor::post('https://app.midtrans.com/snap/v1/transactions', 'Mid-server-qPKp_kyPU7pOP2-5pkRM2-BB', [...])
 3 VENDORPATH\midtrans\midtrans-php\Midtrans\Snap.php(36): Midtrans\Snap::createTransaction([...])
 4 APPPATH\Controllers\Home.php(46): Midtrans\Snap::getSnapToken([...])
 5 SYSTEMPATH\CodeIgniter.php(942): App\Controllers\Home->index()
 6 SYSTEMPATH\CodeIgniter.php(502): CodeIgniter\CodeIgniter->runController(Object(App\Controllers\Home))
 7 SYSTEMPATH\CodeIgniter.php(361): CodeIgniter\CodeIgniter->handleRequest(null, Object(Config\Cache), false)
 8 FCPATH\index.php(79): CodeIgniter\CodeIgniter->run()
 9 SYSTEMPATH\Commands\Server\rewrite.php(47): require_once('D:\\Robeth\\Download\\fitnesia\\public\\index.php')
WARNING - 2023-12-11 09:47:39 --> [DEPRECATED] Creation of dynamic property App\Controllers\Home::$barangModel is deprecated in APPPATH\Controllers\Home.php on line 12.
 1 SYSTEMPATH\CodeIgniter.php(914): App\Controllers\Home->__construct()
 2 SYSTEMPATH\CodeIgniter.php(493): CodeIgniter\CodeIgniter->createController()
 3 SYSTEMPATH\CodeIgniter.php(361): CodeIgniter\CodeIgniter->handleRequest(null, Object(Config\Cache), false)
 4 FCPATH\index.php(79): CodeIgniter\CodeIgniter->run()
 5 SYSTEMPATH\Commands\Server\rewrite.php(47): require_once('D:\\Robeth\\Download\\fitnesia\\public\\index.php')
WARNING - 2023-12-11 09:53:52 --> [DEPRECATED] Creation of dynamic property App\Controllers\Home::$barangModel is deprecated in APPPATH\Controllers\Home.php on line 12.
 1 SYSTEMPATH\CodeIgniter.php(914): App\Controllers\Home->__construct()
 2 SYSTEMPATH\CodeIgniter.php(493): CodeIgniter\CodeIgniter->createController()
 3 SYSTEMPATH\CodeIgniter.php(361): CodeIgniter\CodeIgniter->handleRequest(null, Object(Config\Cache), false)
 4 FCPATH\index.php(79): CodeIgniter\CodeIgniter->run()
 5 SYSTEMPATH\Commands\Server\rewrite.php(47): require_once('D:\\Robeth\\Download\\fitnesia\\public\\index.php')
WARNING - 2023-12-11 09:55:48 --> [DEPRECATED] Creation of dynamic property App\Controllers\Home::$barangModel is deprecated in APPPATH\Controllers\Home.php on line 12.
 1 SYSTEMPATH\CodeIgniter.php(914): App\Controllers\Home->__construct()
 2 SYSTEMPATH\CodeIgniter.php(493): CodeIgniter\CodeIgniter->createController()
 3 SYSTEMPATH\CodeIgniter.php(361): CodeIgniter\CodeIgniter->handleRequest(null, Object(Config\Cache), false)
 4 FCPATH\index.php(79): CodeIgniter\CodeIgniter->run()
 5 SYSTEMPATH\Commands\Server\rewrite.php(47): require_once('D:\\Robeth\\Download\\fitnesia\\public\\index.php')
WARNING - 2023-12-11 09:56:33 --> [DEPRECATED] Creation of dynamic property App\Controllers\Home::$barangModel is deprecated in APPPATH\Controllers\Home.php on line 12.
 1 SYSTEMPATH\CodeIgniter.php(914): App\Controllers\Home->__construct()
 2 SYSTEMPATH\CodeIgniter.php(493): CodeIgniter\CodeIgniter->createController()
 3 SYSTEMPATH\CodeIgniter.php(361): CodeIgniter\CodeIgniter->handleRequest(null, Object(Config\Cache), false)
 4 FCPATH\index.php(79): CodeIgniter\CodeIgniter->run()
 5 SYSTEMPATH\Commands\Server\rewrite.php(47): require_once('D:\\Robeth\\Download\\fitnesia\\public\\index.php')
WARNING - 2023-12-11 09:56:48 --> [DEPRECATED] Creation of dynamic property App\Controllers\Home::$barangModel is deprecated in APPPATH\Controllers\Home.php on line 12.
 1 SYSTEMPATH\CodeIgniter.php(914): App\Controllers\Home->__construct()
 2 SYSTEMPATH\CodeIgniter.php(493): CodeIgniter\CodeIgniter->createController()
 3 SYSTEMPATH\CodeIgniter.php(361): CodeIgniter\CodeIgniter->handleRequest(null, Object(Config\Cache), false)
 4 FCPATH\index.php(79): CodeIgniter\CodeIgniter->run()
 5 SYSTEMPATH\Commands\Server\rewrite.php(47): require_once('D:\\Robeth\\Download\\fitnesia\\public\\index.php')
