CRITICAL - 2023-12-03 05:49:01 --> Config\App::$baseURL is invalid.
in SYSTEMPATH\HTTP\SiteURI.php on line 199.
 1 SYSTEMPATH\HTTP\SiteURI.php(145): CodeIgniter\HTTP\SiteURI->normalizeBaseURL(Object(Config\App))
 2 SYSTEMPATH\HTTP\SiteURI.php(100): CodeIgniter\HTTP\SiteURI->determineBaseURL(Object(Config\App), null, null)
 3 SYSTEMPATH\HTTP\CLIRequest.php(78): CodeIgniter\HTTP\SiteURI->__construct(Object(Config\App), 'serve')
 4 SYSTEMPATH\Config\Services.php(144): CodeIgniter\HTTP\CLIRequest->__construct(Object(Config\App))
 5 SYSTEMPATH\Config\BaseService.php(258): CodeIgniter\Config\Services::clirequest(Object(Config\App), false)
 6 SYSTEMPATH\Config\BaseService.php(199): CodeIgniter\Config\BaseService::__callStatic('clirequest', [...])
 7 SYSTEMPATH\Config\Services.php(139): CodeIgniter\Config\BaseService::getSharedInstance('clirequest', Object(Config\App))
 8 SYSTEMPATH\Config\BaseService.php(258): CodeIgniter\Config\Services::clirequest(Object(Config\App))
 9 SYSTEMPATH\Config\Services.php(537): CodeIgniter\Config\BaseService::__callStatic('clirequest', [...])
10 SYSTEMPATH\Config\BaseService.php(258): CodeIgniter\Config\Services::createRequest(Object(Config\App), true)
11 SYSTEMPATH\CLI\Console.php(37): CodeIgniter\Config\BaseService::__callStatic('createRequest', [...])
12 ROOTPATH\spark(102): CodeIgniter\CLI\Console->run()
CRITICAL - 2023-12-03 05:49:01 --> Uncaught CodeIgniter\Exceptions\ConfigException: Config\App::$baseURL is invalid. in D:\Robeth\Download\fitnesia\vendor\codeigniter4\framework\system\HTTP\SiteURI.php:199
Stack trace:
#0 D:\Robeth\Download\fitnesia\vendor\codeigniter4\framework\system\HTTP\SiteURI.php(145): CodeIgniter\HTTP\SiteURI->normalizeBaseURL(Object(Config\App))
#1 D:\Robeth\Download\fitnesia\vendor\codeigniter4\framework\system\HTTP\SiteURI.php(100): CodeIgniter\HTTP\SiteURI->determineBaseURL(Object(Config\App), NULL, NULL)
#2 D:\Robeth\Download\fitnesia\vendor\codeigniter4\framework\system\HTTP\SiteURIFactory.php(224): CodeIgniter\HTTP\SiteURI->__construct(Object(Config\App), '/', NULL)
#3 D:\Robeth\Download\fitnesia\vendor\codeigniter4\framework\system\HTTP\SiteURIFactory.php(45): CodeIgniter\HTTP\SiteURIFactory->createURIFromRoutePath('/')
#4 D:\Robeth\Download\fitnesia\vendor\codeigniter4\framework\system\Config\Services.php(799): CodeIgniter\HTTP\SiteURIFactory->createFromGlobals()
#5 D:\Robeth\Download\fitnesia\vendor\codeigniter4\framework\system\Config\BaseService.php(258): CodeIgniter\Config\Services::uri(NULL, false)
#6 D:\Robeth\Download\fitnesia\vendor\codeigniter4\framework\system\Config\BaseService.php(199): CodeIgniter\Config\BaseService::__callStatic('uri', Array)
#7 D:\Robeth\Download\fitnesia\vendor\codeigniter4\framework\system\Config\Services.php(792): CodeIgniter\Config\BaseService::getSharedInstance('uri', NULL)
#8 D:\Robeth\Download\fitnesia\vendor\codeigniter4\framework\system\Config\BaseService.php(258): CodeIgniter\Config\Services::uri()
#9 D:\Robeth\Download\fitnesia\vendor\codeigniter4\framework\system\Config\Services.php(566): CodeIgniter\Config\BaseService::__callStatic('uri', Array)
#10 D:\Robeth\Download\fitnesia\vendor\codeigniter4\framework\system\Config\BaseService.php(258): CodeIgniter\Config\Services::incomingrequest(Object(Config\App), false)
#11 D:\Robeth\Download\fitnesia\vendor\codeigniter4\framework\system\Config\Services.php(524): CodeIgniter\Config\BaseService::__callStatic('incomingrequest', Array)
#12 D:\Robeth\Download\fitnesia\vendor\codeigniter4\framework\system\Config\BaseService.php(258): CodeIgniter\Config\Services::request(NULL, false)
#13 D:\Robeth\Download\fitnesia\vendor\codeigniter4\framework\system\Config\BaseService.php(199): CodeIgniter\Config\BaseService::__callStatic('request', Array)
#14 D:\Robeth\Download\fitnesia\vendor\codeigniter4\framework\system\Config\Services.php(520): CodeIgniter\Config\BaseService::getSharedInstance('request', NULL)
#15 D:\Robeth\Download\fitnesia\vendor\codeigniter4\framework\system\Config\BaseService.php(258): CodeIgniter\Config\Services::request()
#16 D:\Robeth\Download\fitnesia\vendor\codeigniter4\framework\system\Debug\Exceptions.php(137): CodeIgniter\Config\BaseService::__callStatic('request', Array)
#17 [internal function]: CodeIgniter\Debug\Exceptions->exceptionHandler(Object(CodeIgniter\Exceptions\ConfigException))
#18 {main}
  thrown
【Previous Exception】
CodeIgniter\Exceptions\ConfigException
Config\App::$baseURL is invalid.
#0 D:\Robeth\Download\fitnesia\vendor\codeigniter4\framework\system\HTTP\SiteURI.php(145): CodeIgniter\HTTP\SiteURI->normalizeBaseURL(Object(Config\App))
#1 D:\Robeth\Download\fitnesia\vendor\codeigniter4\framework\system\HTTP\SiteURI.php(100): CodeIgniter\HTTP\SiteURI->determineBaseURL(Object(Config\App), NULL, NULL)
#2 D:\Robeth\Download\fitnesia\vendor\codeigniter4\framework\system\HTTP\CLIRequest.php(78): CodeIgniter\HTTP\SiteURI->__construct(Object(Config\App), 'serve')
#3 D:\Robeth\Download\fitnesia\vendor\codeigniter4\framework\system\Config\Services.php(144): CodeIgniter\HTTP\CLIRequest->__construct(Object(Config\App))
#4 D:\Robeth\Download\fitnesia\vendor\codeigniter4\framework\system\Config\BaseService.php(258): CodeIgniter\Config\Services::clirequest(Object(Config\App), false)
#5 D:\Robeth\Download\fitnesia\vendor\codeigniter4\framework\system\Config\BaseService.php(199): CodeIgniter\Config\BaseService::__callStatic('clirequest', Array)
#6 D:\Robeth\Download\fitnesia\vendor\codeigniter4\framework\system\Config\Services.php(139): CodeIgniter\Config\BaseService::getSharedInstance('clirequest', Object(Config\App))
#7 D:\Robeth\Download\fitnesia\vendor\codeigniter4\framework\system\Config\BaseService.php(258): CodeIgniter\Config\Services::clirequest(Object(Config\App))
#8 D:\Robeth\Download\fitnesia\vendor\codeigniter4\framework\system\Config\Services.php(537): CodeIgniter\Config\BaseService::__callStatic('clirequest', Array)
#9 D:\Robeth\Download\fitnesia\vendor\codeigniter4\framework\system\Config\BaseService.php(258): CodeIgniter\Config\Services::createRequest(Object(Config\App), true)
#10 D:\Robeth\Download\fitnesia\vendor\codeigniter4\framework\system\CLI\Console.php(37): CodeIgniter\Config\BaseService::__callStatic('createRequest', Array)
#11 D:\Robeth\Download\fitnesia\spark(102): CodeIgniter\CLI\Console->run()
#12 {main}
in SYSTEMPATH\HTTP\SiteURI.php on line 199.
 1 [internal function]: CodeIgniter\Debug\Exceptions->shutdownHandler()
CRITICAL - 2023-12-03 07:05:47 --> CURL Error: Could not resolve host: app.sandbox.midtrans.com
in VENDORPATH\midtrans\midtrans-php\Midtrans\ApiRequestor.php on line 156.
 1 VENDORPATH\midtrans\midtrans-php\Midtrans\ApiRequestor.php(39): Midtrans\ApiRequestor::remoteCall('https://app.sandbox.midtrans.com/snap/v1/transactions', 'SB-Mid-server-qPKp_kyPU7pOP2-5pkRM2-BB', [...], 'POST')
 2 VENDORPATH\midtrans\midtrans-php\Midtrans\Snap.php(108): Midtrans\ApiRequestor::post('https://app.sandbox.midtrans.com/snap/v1/transactions', 'SB-Mid-server-qPKp_kyPU7pOP2-5pkRM2-BB', [...])
 3 VENDORPATH\midtrans\midtrans-php\Midtrans\Snap.php(36): Midtrans\Snap::createTransaction([...])
 4 APPPATH\Controllers\Home.php(33): Midtrans\Snap::getSnapToken([...])
 5 SYSTEMPATH\CodeIgniter.php(942): App\Controllers\Home->index()
 6 SYSTEMPATH\CodeIgniter.php(502): CodeIgniter\CodeIgniter->runController(Object(App\Controllers\Home))
 7 SYSTEMPATH\CodeIgniter.php(361): CodeIgniter\CodeIgniter->handleRequest(null, Object(Config\Cache), false)
 8 FCPATH\index.php(79): CodeIgniter\CodeIgniter->run()
 9 SYSTEMPATH\Commands\Server\rewrite.php(47): require_once('D:\\Robeth\\Download\\fitnesia\\public\\index.php')
CRITICAL - 2023-12-03 07:06:06 --> CURL Error: Could not resolve host: app.sandbox.midtrans.com
in VENDORPATH\midtrans\midtrans-php\Midtrans\ApiRequestor.php on line 156.
 1 VENDORPATH\midtrans\midtrans-php\Midtrans\ApiRequestor.php(39): Midtrans\ApiRequestor::remoteCall('https://app.sandbox.midtrans.com/snap/v1/transactions', 'SB-Mid-server-qPKp_kyPU7pOP2-5pkRM2-BB', [...], 'POST')
 2 VENDORPATH\midtrans\midtrans-php\Midtrans\Snap.php(108): Midtrans\ApiRequestor::post('https://app.sandbox.midtrans.com/snap/v1/transactions', 'SB-Mid-server-qPKp_kyPU7pOP2-5pkRM2-BB', [...])
 3 VENDORPATH\midtrans\midtrans-php\Midtrans\Snap.php(36): Midtrans\Snap::createTransaction([...])
 4 APPPATH\Controllers\Home.php(33): Midtrans\Snap::getSnapToken([...])
 5 SYSTEMPATH\CodeIgniter.php(942): App\Controllers\Home->index()
 6 SYSTEMPATH\CodeIgniter.php(502): CodeIgniter\CodeIgniter->runController(Object(App\Controllers\Home))
 7 SYSTEMPATH\CodeIgniter.php(361): CodeIgniter\CodeIgniter->handleRequest(null, Object(Config\Cache), false)
 8 FCPATH\index.php(79): CodeIgniter\CodeIgniter->run()
 9 SYSTEMPATH\Commands\Server\rewrite.php(47): require_once('D:\\Robeth\\Download\\fitnesia\\public\\index.php')
